INFO: [v++ 60-1306] Additional information associated with this v++ link can be found at:
	Reports: /scratch/users/sx233/FPGA-test/gemm.autosa/temp.autosa.large.mm/_x/reports/link
	Log files: /scratch/users/sx233/FPGA-test/gemm.autosa/temp.autosa.large.mm/_x/logs/link
INFO: [v++ 60-1548] Creating build summary session with primary output /scratch/users/sx233/FPGA-test/gemm.autosa/temp.autosa.large.mm/kernel0.sw_emu.xclbin.link_summary, at Tue Mar 16 21:38:43 2021
INFO: [v++ 60-1316] Initiating connection to rulecheck server, at Tue Mar 16 21:38:43 2021
INFO: [v++ 60-1315] Creating rulecheck session with output '/scratch/users/sx233/FPGA-test/gemm.autosa/temp.autosa.large.mm/_x/reports/link/v++_link_kernel0.sw_emu_guidance.html', at Tue Mar 16 21:38:45 2021
INFO: [v++ 60-895]   Target platform: /opt/xilinx/platforms/xilinx_u280_xdma_201920_3/xilinx_u280_xdma_201920_3.xpfm
INFO: [v++ 60-1578]   This platform contains Xilinx Shell Archive '/opt/xilinx/platforms/xilinx_u280_xdma_201920_3/hw/xilinx_u280_xdma_201920_3.xsa'
INFO: [v++ 74-74] Compiler Version string: 2020.2
INFO: [v++ 60-629] Linking for software emulation target
INFO: [v++ 60-423]   Target device: xilinx_u280_xdma_201920_3
WARNING: [v++ 60-889] User-specified kernel frequency for ID 0 is the same as the default frequency 300 MHz, so it will be ignored
INFO: [v++ 60-645] kernel flags are ''
INFO: [v++ 60-586] Created kernel0.sw_emu.xclbin
INFO: [v++ 60-1307] Run completed. Additional information can be found in:
	Guidance: /scratch/users/sx233/FPGA-test/gemm.autosa/temp.autosa.large.mm/_x/reports/link/v++_link_kernel0.sw_emu_guidance.html
	Steps Log File: /scratch/users/sx233/FPGA-test/gemm.autosa/temp.autosa.large.mm/_x/logs/link/link.steps.log

INFO: [v++ 60-2343] Use the vitis_analyzer tool to visualize and navigate the relevant reports. Run the following command. 
    vitis_analyzer /scratch/users/sx233/FPGA-test/gemm.autosa/temp.autosa.large.mm/kernel0.sw_emu.xclbin.link_summary 
INFO: [v++ 60-791] Total elapsed time: 0h 0m 33s
